[2022-06-26T10:31:24.748] [ERROR] In Index File - Cheese is too ripe!
[2022-06-26T10:31:24.750] [FATAL] In Index File - Cheese was breeding ground for listeria.
[2022-06-26T10:32:20.929] [DEBUG] In Index File - Got cheese.
[2022-06-26T10:32:20.933] [INFO] In Index File - Cheese is Comté.
[2022-06-26T10:32:20.933] [WARN] In Index File - Cheese is quite smelly.
[2022-06-26T10:32:20.933] [ERROR] In Index File - Cheese is too ripe!
[2022-06-26T10:32:20.933] [FATAL] In Index File - Cheese was breeding ground for listeria.
[2022-06-26T10:38:21.247] [INFO] In Index File - Server listening on port 3001
[2022-06-26T10:38:39.116] [INFO] In Index File - Server listening on port 8888
[2022-06-26T10:39:37.383] [INFO] In Index File - Server listening on port 3001
[2022-06-26T10:41:26.184] [INFO] In Index File - Server listening on port 3001
[2022-06-26T10:41:46.278] [INFO] In Index File - /
[2022-06-26T10:43:48.719] [INFO] In Index File - Server listening on port 3001
[2022-06-26T10:45:18.933] [INFO] In Index File - Server listening on port 3001
[2022-06-26T10:45:52.163] [INFO] In Index File - Server listening on port 3001
[2022-06-26T10:48:28.194] [INFO] In Index File - Server listening on port 3001
[2022-06-26T10:48:48.004] [INFO] In Index File - Server listening on port 3001
[2022-06-26T10:49:16.990] [INFO] In Index File - Server listening on port 3001
[2022-06-26T10:49:36.488] [INFO] In Index File - Server listening on port 3001
[2022-06-26T10:50:14.156] [INFO] In Index File - Server listening on port 3001
[2022-06-26T10:50:38.351] [INFO] In Index File - Server listening on port 3001
[2022-06-26T10:51:05.256] [INFO] In Index File - Server listening on port 3001
[2022-06-26T10:51:57.578] [INFO] In Index File - Server listening on port 3001
[2022-06-26T10:52:00.665] [INFO] In User Route - /
[2022-06-26T10:52:09.577] [INFO] In Index File - Server listening on port 3001
[2022-06-26T10:52:09.672] [INFO] In Index File - Server listening on port 3001
[2022-06-26T10:52:30.854] [INFO] In Index File - Server listening on port 3001
[2022-06-26T10:52:44.941] [INFO] In Index File - Server listening on port 3001
[2022-06-26T10:52:48.046] [INFO] In Index File - Server listening on port 3001
[2022-06-26T10:52:48.151] [INFO] In Index File - Server listening on port 3001
[2022-06-26T10:53:08.986] [INFO] In Index File - Server listening on port 3001
[2022-06-26T10:53:33.362] [INFO] In Index File - Server listening on port 3001
[2022-06-26T10:54:02.567] [INFO] In Index File - Server listening on port 3001
[2022-06-26T10:54:17.522] [INFO] In Index File - Server listening on port 3001
[2022-06-26T10:54:20.365] [INFO] In User Route - /
[2022-06-26T10:54:39.772] [INFO] In Index File - Server listening on port 3001
[2022-06-26T10:55:14.073] [INFO] In Index File - Server listening on port 3001
[2022-06-26T10:55:18.993] [INFO] In User Route - /
[2022-06-26T10:56:26.981] [INFO] In Index File - Server listening on port 3001
[2022-06-26T10:56:34.973] [INFO] In User Route - /user
[2022-06-26T10:57:52.799] [INFO] In Index File - Server listening on port 3001
[2022-06-26T10:57:59.794] [INFO] In Index File - Server listening on port 3001
[2022-06-26T10:58:20.587] [INFO] In Index File - /user/akhil
[2022-06-26T10:58:34.463] [INFO] In Index File - Server listening on port 3001
[2022-06-26T10:59:42.658] [INFO] In Index File - Server listening on port 3001
[2022-06-26T11:05:42.084] [INFO] In Index File - Server listening on port 3001
[2022-06-26T11:05:47.925] [INFO] In User Route - /user/
[2022-06-26T11:07:39.177] [INFO] In Index File - Server listening on port 3001
[2022-06-26T11:08:21.272] [INFO] In Index File - Server listening on port 3001
[2022-06-26T11:08:23.216] [INFO] In Index File - Server listening on port 3001
[2022-06-26T11:10:28.656] [INFO] In Index File - Server listening on port 3001
[2022-06-26T11:12:02.816] [INFO] In Index File - Server listening on port 3001
[2022-06-26T11:12:31.317] [INFO] In Index File - Server listening on port 3001
[2022-06-26T11:13:02.132] [INFO] In Index File - Server listening on port 3001
[2022-06-26T11:13:05.267] [INFO] In Index File - Server listening on port 3001
[2022-06-26T11:15:26.679] [INFO] In Index File - Server listening on port 3001
[2022-06-26T11:16:33.498] [INFO] In Index File - Server listening on port 3001
[2022-06-26T11:17:20.694] [INFO] In Index File - Server listening on port 3001
[2022-06-26T11:17:24.838] [INFO] In Index File - Server listening on port 3001
[2022-06-26T11:17:42.502] [INFO] In User Route - /user
[2022-06-26T11:19:08.884] [INFO] In Index File - Server listening on port 3001
[2022-06-26T11:19:14.088] [INFO] In Index File - Server listening on port 3001
[2022-06-26T11:19:22.787] [INFO] In User Route - /user
[2022-06-26T11:19:44.930] [INFO] In Index File - Server listening on port 3001
[2022-06-26T11:22:07.496] [INFO] In Index File - Server listening on port 3001
[2022-06-26T11:22:24.183] [INFO] In Index File - Server listening on port 3001
[2022-06-26T11:26:37.828] [INFO] In Index File - Server listening on port 3001
[2022-06-26T11:28:01.332] [INFO] In Index File - Server listening on port 3001
[2022-06-26T11:30:40.206] [INFO] In Index File - Server listening on port 3001
[2022-06-26T11:31:26.341] [INFO] In Index File - Server listening on port 3001
[2022-06-26T11:31:33.471] [INFO] In User Route - /user
[2022-06-26T11:33:51.665] [INFO] In Index File - Server listening on port 3001
[2022-06-26T11:33:53.951] [INFO] In User Route - /user
[2022-06-26T11:34:07.086] [INFO] In Index File - Server listening on port 3001
[2022-06-26T11:34:07.677] [INFO] In User Route - /user
[2022-06-26T11:34:20.541] [INFO] In Index File - Server listening on port 3001
[2022-06-26T11:35:29.561] [INFO] In Index File - Server listening on port 3001
[2022-06-26T11:35:30.947] [INFO] In User Route - /user
[2022-06-26T11:36:42.154] [INFO] In Index File - Server listening on port 3001
[2022-06-26T11:36:42.978] [INFO] In User Route - /user
[2022-06-26T11:36:59.002] [INFO] In Index File - Server listening on port 3001
[2022-06-26T11:38:07.967] [INFO] In Index File - Server listening on port 3001
[2022-06-26T11:41:27.195] [INFO] In Index File - Server listening on port 3001
[2022-06-26T11:41:29.953] [INFO] In User Route - /user
[2022-06-26T11:43:55.806] [INFO] In Index File - Server listening on port 3001
[2022-06-26T11:46:25.317] [INFO] In User Route - /user
[2022-06-26T11:48:11.492] [INFO] In Index File - Server listening on port 3001
[2022-06-26T11:50:36.523] [INFO] In Index File - Server listening on port 3001
[2022-06-26T11:51:27.723] [INFO] In Index File - Server listening on port 3001
[2022-06-26T11:52:22.997] [INFO] In Index File - Server listening on port 3001
[2022-06-26T11:54:20.387] [INFO] In Index File - Server listening on port 3001
[2022-06-26T11:54:26.177] [INFO] In Index File - Server listening on port 3001
[2022-06-26T11:54:35.501] [INFO] In Index File - Server listening on port 3001
[2022-06-26T11:54:45.446] [INFO] In Index File - Server listening on port 3001
[2022-06-26T11:56:10.012] [INFO] In Index File - Server listening on port 3001
[2022-06-26T11:57:20.570] [INFO] In Index File - Server listening on port 3001
[2022-06-26T12:00:25.502] [INFO] In Index File - Server listening on port 3001
[2022-06-26T12:01:36.087] [INFO] In Index File - Server listening on port 3001
[2022-06-26T12:05:42.752] [INFO] In Index File - Server listening on port 3001
[2022-06-26T12:05:44.367] [INFO] In Index File - Server listening on port 3001
[2022-06-26T12:07:18.478] [INFO] In Index File - Server listening on port 3001
[2022-06-26T12:09:01.434] [INFO] In Index File - Server listening on port 3001
[2022-06-26T12:12:20.768] [INFO] In Index File - Server listening on port 3001
[2022-06-26T12:12:28.647] [INFO] In Index File - Server listening on port 3001
[2022-06-26T12:12:35.704] [INFO] In Index File - Server listening on port 3001
[2022-06-26T12:14:49.296] [INFO] In Index File - Server listening on port 3001
[2022-06-26T12:21:26.009] [INFO] In Index File - Server listening on port 3001
[2022-06-26T12:22:39.470] [INFO] In Index File - Server listening on port 3001
[2022-06-26T12:24:38.957] [INFO] In Index File - Server listening on port 3001
[2022-06-26T12:24:50.210] [INFO] In Index File - Server listening on port 3001
[2022-06-26T12:25:42.730] [INFO] In Index File - Server listening on port 3001
[2022-06-26T12:26:56.949] [INFO] In Index File - Server listening on port 3001
[2022-06-26T12:28:03.415] [INFO] In Index File - Server listening on port 3001
[2022-06-26T12:29:39.420] [INFO] In Index File - Server listening on port 3001
[2022-06-26T12:29:42.594] [INFO] In Index File - Server listening on port 3001
[2022-06-26T12:31:50.654] [INFO] In Index File - Server listening on port 3001
[2022-06-26T12:32:41.747] [INFO] In Index File - Server listening on port 3001
